mode: set
mail-core/internal/server/handlers.go:19.97,23.20 1 1
mail-core/internal/server/handlers.go:27.2,27.22 1 1
mail-core/internal/server/handlers.go:32.2,32.27 1 1
mail-core/internal/server/handlers.go:45.2,45.30 1 1
mail-core/internal/server/handlers.go:70.2,77.85 2 1
mail-core/internal/server/handlers.go:23.20,25.3 1 1
mail-core/internal/server/handlers.go:27.22,29.3 1 1
mail-core/internal/server/handlers.go:32.27,33.64 1 1
mail-core/internal/server/handlers.go:33.64,35.4 1 1
mail-core/internal/server/handlers.go:45.30,46.15 1 1
mail-core/internal/server/handlers.go:64.3,67.38 3 1
mail-core/internal/server/handlers.go:46.15,48.18 2 1
mail-core/internal/server/handlers.go:52.4,53.18 2 1
mail-core/internal/server/handlers.go:57.4,59.44 2 1
mail-core/internal/server/handlers.go:48.18,50.5 1 1
mail-core/internal/server/handlers.go:53.18,55.5 1 1
mail-core/internal/server/server.go:31.96,39.2 2 1
mail-core/internal/server/server.go:42.24,43.12 1 0
mail-core/internal/server/server.go:50.2,50.12 1 0
mail-core/internal/server/server.go:57.2,57.9 1 0
mail-core/internal/server/server.go:43.12,45.17 2 0
mail-core/internal/server/server.go:45.17,47.4 1 0
mail-core/internal/server/server.go:50.12,52.17 2 0
mail-core/internal/server/server.go:52.17,54.4 1 0
mail-core/internal/server/server.go:60.42,64.16 3 0
mail-core/internal/server/server.go:70.2,77.46 4 0
mail-core/internal/server/server.go:81.2,81.12 1 0
mail-core/internal/server/server.go:64.16,66.3 1 0
mail-core/internal/server/server.go:77.46,79.3 1 0
mail-core/internal/server/server.go:84.49,90.71 4 0
mail-core/internal/server/server.go:94.2,94.79 1 0
mail-core/internal/server/server.go:98.2,110.20 6 0
mail-core/internal/server/server.go:114.2,121.16 4 0
mail-core/internal/server/server.go:125.2,138.29 3 0
mail-core/internal/server/server.go:90.71,92.3 1 0
mail-core/internal/server/server.go:94.79,96.3 1 0
mail-core/internal/server/server.go:110.20,112.3 1 0
mail-core/internal/server/server.go:121.16,123.3 1 0
mail-core/internal/server/server.go:141.49,142.22 1 0
mail-core/internal/server/server.go:146.2,146.42 1 0
mail-core/internal/server/server.go:142.22,145.3 1 0
